[URL][14-12-22 18:12:19] /game.php?village=28&ajax=map_info&source=1&screen=overview
[URL][14-12-22 18:12:19] /game.php?village=9&ajax=map_info&source=1&screen=overview
[URL][14-12-22 18:13:29] /game.php?village=1&screen=info_player
[URL][14-12-22 18:13:34] /game.php?village=1&edit=1&screen=info_player
[URL][14-12-22 18:13:41] /game.php?village=1&edit=1&action=change_profile&h=nVgm&screen=info_player
[URL][14-12-22 18:14:05] /game.php?village=1&edit=1&action=change_profile&h=nVgm&screen=info_player
[URL][14-12-22 18:14:06] /game.php?village=1&screen=info_player
[URL][14-12-22 18:14:10] /game.php?village=1&edit=1&screen=info_player
[URL][14-12-22 18:14:30] /game.php?village=1&ajaxaction=upload_coa&h=nVgm&type=player&screen=upload
[URL][14-12-22 18:15:29] /game.php?screen=welcome&intro&oscreen=overview
[URL][14-12-22 18:15:30] /game.php?village=68&ajax=save_script&screen=api
[URL][14-12-22 18:15:31] /game.php?village=68&screen=map
[URL][14-12-22 18:15:33] /game.php?village=68&ajax=save_script&screen=api
[URL][14-12-22 18:15:51] /game.php?village=1&ajaxaction=upload_coa&h=nVgm&type=player&screen=upload
[URL][14-12-22 18:16:15] /game.php?village=1&screen=overview
[URL][14-12-22 18:16:17] /game.php?village=1&screen=map
[URL][14-12-22 18:16:24] /game.php?village=39&ajax=map_info&source=1&screen=overview
[URL][14-12-22 18:16:47] /game.php?village=28&ajax=map_info&source=1&screen=overview
[URL][14-12-22 18:16:59] /game.php?village=1&edit=1&screen=info_player
[URL][14-12-22 18:29:40] /game.php?village=1&ajaxaction=upload_coa&h=nVgm&type=player&screen=upload
[URL][14-12-22 18:31:23] /game.php?village=1&edit=1&screen=info_player
[URL][14-12-22 18:31:23] /game.php?village=1&ajaxaction=upload_coa&h=nVgm&type=player&screen=upload
[URL][14-12-22 18:32:28] /game.php?village=1&ajaxaction=upload_coa&h=nVgm&type=player&screen=upload
[URL][14-12-22 18:33:45] /game.php?village=1&ajaxaction=upload_coa&h=nVgm&type=player&screen=upload
[URL][14-12-22 18:33:45] /game.php?village=1&edit=1&screen=info_player
[URL][14-12-22 18:35:53] /game.php?village=1&ajaxaction=upload_coa&h=nVgm&type=player&screen=upload
[URL][14-12-22 18:35:53] /game.php?village=1&edit=1&screen=info_player
[URL][14-12-22 18:36:35] /game.php?screen=welcome&intro&oscreen=overview
[URL][14-12-22 18:36:47] /game.php?village=1&edit=1&action=change_text&h=nVgm&screen=info_player
[URL][14-12-22 18:37:56] /game.php?village=17&screen=map
[URL][14-12-22 18:38:15] /game.php?village=17&mode=player&screen=ranking
[URL][14-12-22 18:38:24] /game.php?village=17&id=44&screen=info_player
[URL][14-12-22 18:38:39] /game.php?village=17&mode=inventory&screen=info_player
[URL][14-12-22 18:39:04] /game.php?village=17&mode=buddies&screen=info_player
[URL][14-12-22 18:39:29] /game.php?village=17&edit=1&screen=info_player
[URL][14-12-22 18:39:44] /game.php?village=17&mode=player&screen=ranking
[URL][14-12-22 18:39:47] /game.php?village=17&edit=1&action=change_profile&h=8ezP&screen=info_player
[URL][14-12-22 18:39:53] /game.php?village=17&id=44&screen=info_player
[URL][14-12-22 18:39:53] /game.php?village=17&screen=info_player
[URL][14-12-22 18:40:18] /game.php?village=17&id=44&screen=info_player
[URL][14-12-22 18:40:20] /game.php?village=17&edit=1&screen=info_player
[URL][14-12-22 18:40:37] /game.php?village=17&edit=1&action=change_text&h=8ezP&screen=info_player
[URL][14-12-22 18:41:13] /game.php?village=17&edit=1&action=change_text&h=8ezP&screen=info_player
[URL][14-12-22 18:41:16] /game.php?village=17&screen=overview_villages
[URL][14-12-22 18:41:31] /game.php?village=17&screen=mail
[URL][14-12-22 18:41:42] /game.php?village=1&edit=1&screen=info_player
[URL][14-12-22 18:41:47] /game.php?village=17&mode=new&screen=mail
[URL][14-12-22 18:41:57] /game.php?village=17&mode=settings&screen=settings
[URL][14-12-22 18:42:00] /game.php?village=17&mode=vacation&screen=settings
[URL][14-12-22 18:42:59] /game.php?village=17&screen=ally
[URL][14-12-22 18:49:49] /game.php?village=1&edit=1&action=change_text&h=nVgm&screen=info_player
[URL][14-12-22 18:54:55] /game.php?village=1&screen=ranking
[URL][14-12-22 19:19:21] /game.php?screen=welcome&intro&oscreen=overview
[URL][14-12-22 19:19:27] /game.php?village=78&mode=player&screen=ranking
[URL][14-12-22 19:19:30] /game.php?village=78&screen=overview
[URL][14-12-22 19:19:32] /game.php?village=78&screen=overview
[URL][14-12-22 19:19:33] /game.php?village=78&screen=map
[URL][14-12-22 19:19:35] /game.php?village=78&ajax=map_info&source=78&screen=overview
[URL][14-12-22 19:19:37] /game.php?village=78&id=277&screen=info_player
[URL][14-12-22 19:19:38] /game.php?village=78&id=78&screen=info_village
[URL][14-12-22 19:19:41] /game.php?mode=inventory&village=78&screen=statue
[URL][14-12-22 19:33:00] /game.php?village=1&edit=1&action=change_text&h=nVgm&screen=info_player
[URL][14-12-22 19:33:03] /game.php?village=1&edit=1&action=change_text&h=nVgm&screen=info_player
[URL][14-12-22 19:33:43] /game.php?village=1&edit=1&action=change_text&h=nVgm&screen=info_player
[URL][14-12-22 19:34:13] /game.php?village=1&edit=1&action=change_text&h=nVgm&screen=info_player
[URL][14-12-22 19:35:57] /game.php?village=1&edit=1&action=change_text&h=nVgm&screen=info_player
[URL][14-12-22 19:35:57] /game.php?village=1&screen=info_player
[URL][14-12-22 19:37:37] /game.php?village=1&edit=1&screen=info_player
[URL][14-12-22 19:37:56] /game.php?village=1&edit=1&action=change_text&h=nVgm&screen=info_player
[URL][14-12-22 19:37:57] /game.php?village=1&screen=info_player
[URL][14-12-22 19:40:12] /game.php?village=1&edit=1&screen=info_player
[URL][14-12-22 19:40:22] /game.php?village=1&edit=1&action=change_text&h=nVgm&screen=info_player
[URL][14-12-22 19:40:23] /game.php?village=1&screen=info_player
[URL][14-12-22 19:40:28] /game.php?village=1&edit=1&screen=info_player
[URL][14-12-22 19:41:12] /game.php?village=1&edit=1&action=change_text&h=nVgm&screen=info_player
[URL][14-12-22 19:41:13] /game.php?village=1&screen=info_player
[URL][14-12-22 19:41:25] /game.php?village=11&ajax=map_info&source=1&screen=overview
[URL][14-12-22 19:41:26] /game.php?village=10&ajax=map_info&source=1&screen=overview
[URL][14-12-22 19:41:37] /game.php?village=1&edit=1&screen=info_player
[URL][14-12-22 19:42:16] /game.php?village=58&ajax=map_info&source=1&screen=overview
[URL][14-12-22 19:42:21] /game.php?village=1&edit=1&action=change_text&h=nVgm&screen=info_player
[URL][14-12-22 19:43:34] /game.php?village=1&edit=1&action=change_text&h=nVgm&screen=info_player
[URL][14-12-22 19:44:06] /game.php?village=1&edit=1&action=change_text&h=nVgm&screen=info_player
[URL][14-12-22 19:44:22] /game.php?village=1&edit=1&action=change_text&h=nVgm&screen=info_player
[URL][14-12-22 19:44:35] /game.php?village=1&edit=1&action=change_text&h=nVgm&screen=info_player
[URL][14-12-22 19:46:58] /game.php?village=1&edit=1&action=change_text&h=nVgm&screen=info_player
[URL][14-12-22 19:46:59] /game.php?village=1&screen=info_player
[URL][14-12-22 19:47:41] /game.php?village=1&edit=1&screen=info_player
[URL][14-12-22 19:48:10] /game.php?village=40&ajax=map_info&source=1&screen=overview
[URL][14-12-22 19:48:16] /game.php?village=1&edit=1&screen=info_player
[URL][14-12-22 19:50:37] /game.php?village=1&edit=1&screen=info_player
[URL][14-12-22 19:59:35] /game.php?screen=welcome&intro&oscreen=overview
[URL][14-12-22 19:59:41] /game.php?village=13&screen=info_player
[URL][14-12-22 19:59:44] /game.php?village=13&edit=1&screen=info_player
[URL][14-12-22 20:00:06] /game.php?village=13&ajaxaction=upload_coa&h=dYdE&type=player&screen=upload
[URL][14-12-22 20:02:00] /game.php?village=13&mode=info&screen=info_player
[URL][14-12-22 20:02:03] /game.php?village=13&screen=overview
[URL][14-12-22 20:02:07] /game.php?village=13&action=logout&h=dYdE&screen=
[URL][14-12-22 20:02:13] /game.php?village=1&edit=1&action=change_text&h=nVgm&screen=info_player
[URL][14-12-22 20:02:25] /game.php?village=1&edit=1&action=change_text&h=nVgm&screen=info_player
[URL][14-12-22 20:03:01] /game.php?village=1&edit=1&action=change_text&h=nVgm&screen=info_player
[URL][14-12-22 20:03:02] /game.php?village=1&screen=info_player
[URL][14-12-22 20:03:08] /game.php?village=1&edit=1&screen=info_player
[URL][14-12-22 20:06:37] /game.php?ajax=load_unit_icon_selector&screen=api&&client_time=1419275196
[URL][14-12-22 20:28:51] /game.php?screen=welcome&intro&oscreen=overview
[URL][14-12-22 20:28:54] /game.php?village=78&screen=overview
[URL][14-12-22 20:44:29] /game.php?screen=welcome&intro&oscreen=overview
[URL][14-12-22 20:44:36] /game.php?village=13&screen=info_player
[URL][14-12-22 20:45:01] /game.php?village=13&edit=1&screen=info_player
[URL][14-12-22 20:45:21] /game.php?village=13&edit=1&action=change_text&h=sBoc&screen=info_player
[URL][14-12-22 20:45:24] /game.php?village=13&screen=info_player
[URL][14-12-22 20:45:46] /game.php?village=13&edit=1&screen=info_player
[URL][14-12-22 20:46:03] /game.php?village=13&edit=1&action=change_text&h=sBoc&screen=info_player
[URL][14-12-22 20:46:04] /game.php?village=13&screen=info_player
[URL][14-12-22 20:46:19] /game.php?village=13&edit=1&screen=info_player
[URL][14-12-22 20:46:24] /game.php?village=13&edit=1&action=change_text&h=sBoc&screen=info_player
[URL][14-12-22 20:46:25] /game.php?village=13&screen=info_player
[URL][14-12-22 20:46:33] /game.php?village=13&mode=player&screen=ranking
[URL][14-12-22 20:46:39] /game.php?village=13&id=1&screen=info_player
[URL][14-12-22 20:46:56] /game.php?village=13&mode=address&action=add_address_id&h=sBoc&address_id=1&screen=mail
[URL][14-12-22 20:47:02] /game.php?village=13&mode=groups&screen=mail
[URL][14-12-22 20:47:04] /game.php?village=13&screen=overview
[URL][14-12-22 20:52:47] /game.php?village=13&screen=overview
[URL][14-12-22 20:52:57] /game.php?village=13&action=logout&h=sBoc&screen=
[URL][14-12-22 20:53:00] /game.php?village=13&screen=overview
[URL][14-12-22 21:00:07] /game.php?screen=welcome&intro&oscreen=overview
[URL][14-12-22 21:00:14] /game.php?village=30&screen=overview
[URL][14-12-22 21:00:16] /game.php?village=30&screen=ally
[URL][14-12-22 21:00:19] /game.php?village=30&screen=report
[URL][14-12-22 21:00:19] /game.php?village=30&screen=mail
[URL][14-12-22 21:00:21] /game.php?village=30&mode=mass_out&screen=mail
[URL][14-12-22 21:00:22] /game.php?village=30&mode=new&screen=mail
[URL][14-12-22 21:00:22] /game.php?village=30&mode=address&screen=mail
[URL][14-12-22 21:20:23] /game.php?screen=welcome&intro&oscreen=overview
[URL][14-12-22 21:20:36] /game.php?village=13&screen=map
[URL][14-12-22 21:20:44] /game.php?village=150&ajax=map_info&source=13&screen=overview
[URL][14-12-22 21:20:55] /game.php?village=55&ajax=map_info&source=13&screen=overview
[URL][14-12-22 21:20:56] /game.php?village=53&ajax=map_info&source=13&screen=overview
[URL][14-12-22 21:20:58] /game.php?village=8&ajax=map_info&source=13&screen=overview
[URL][14-12-22 21:21:00] /game.php?village=88&ajax=map_info&source=13&screen=overview
[URL][14-12-22 21:21:06] /game.php?village=168&ajax=map_info&source=13&screen=overview
[URL][14-12-22 21:21:09] /game.php?village=30&ajax=map_info&source=13&screen=overview
[URL][14-12-22 21:21:11] /game.php?village=45&ajax=map_info&source=13&screen=overview
[URL][14-12-22 21:21:14] /game.php?village=134&ajax=map_info&source=13&screen=overview
[URL][14-12-22 21:21:30] /game.php?village=31&ajax=map_info&source=13&screen=overview
[URL][14-12-22 21:21:33] /game.php?village=12&ajax=map_info&source=13&screen=overview
[URL][14-12-22 21:21:42] /game.php?village=33&ajax=map_info&source=13&screen=overview
[URL][14-12-22 21:21:44] /game.php?village=44&ajax=map_info&source=13&screen=overview
[URL][14-12-22 21:21:45] /game.php?village=18&ajax=map_info&source=13&screen=overview
[URL][14-12-22 21:21:46] /game.php?village=4&ajax=map_info&source=13&screen=overview
[URL][14-12-22 21:21:47] /game.php?village=19&ajax=map_info&source=13&screen=overview
[URL][14-12-22 21:21:47] /game.php?village=6&ajax=map_info&source=13&screen=overview
[URL][14-12-22 21:21:52] /game.php?village=37&ajax=map_info&source=13&screen=overview
[URL][14-12-22 21:21:53] /game.php?village=49&ajax=map_info&source=13&screen=overview
[URL][14-12-22 21:21:58] /game.php?village=50&ajax=map_info&source=13&screen=overview
[URL][14-12-22 21:21:58] /game.php?village=13&screen=overview
[URL][14-12-22 21:23:35] /game.php?village=13&screen=ranking
[URL][14-12-22 21:23:40] /game.php?village=13&id=1&screen=info_player
[URL][14-12-22 21:23:48] /game.php?village=13&id=19&screen=info_player
[URL][14-12-22 21:23:53] /game.php?village=13&screen=overview
[URL][14-12-22 21:24:09] /game.php?village=13&screen=ranking
[URL][14-12-22 21:24:13] /game.php?village=13&screen=premium
[URL][14-12-22 22:17:40] /game.php?screen=welcome&intro&oscreen=overview
[URL][14-12-22 22:17:43] /game.php
[URL][14-12-22 22:17:51] /game.php?village=213&screen=ranking
[URL][14-12-22 22:17:56] /game.php?screen=ranking&rank=1
[URL][14-12-22 22:17:59] /game.php?village=213&screen=main
[URL][14-12-22 22:18:02] /game.php?village=213&screen=map
[URL][14-12-22 23:42:48] /game.php?screen=welcome&intro&oscreen=overview
[URL][14-12-22 23:42:56] /game.php?village=75&screen=report
[URL][14-12-22 23:42:58] /game.php?village=75&screen=overview
[URL][14-12-22 23:42:59] /game.php?village=75&screen=map
[URL][14-12-22 23:43:01] /game.php?village=75&ajax=map_info&source=75&screen=overview
[URL][14-12-22 23:43:02] /game.php?village=50&ajax=map_info&source=75&screen=overview
[URL][14-12-22 23:43:02] /game.php?village=13&ajax=map_info&source=75&screen=overview
[URL][14-12-22 23:43:02] /game.php?village=29&ajax=map_info&source=75&screen=overview
[URL][14-12-22 23:43:02] /game.php?village=25&ajax=map_info&source=75&screen=overview
[URL][14-12-22 23:43:03] /game.php?village=33&ajax=map_info&source=75&screen=overview
[URL][14-12-22 23:43:07] /game.php?village=127&ajax=map_info&source=75&screen=overview
[URL][14-12-22 23:43:07] /game.php?village=92&ajax=map_info&source=75&screen=overview
[URL][14-12-22 23:43:40] /game.php?village=68&ajax=map_info&source=75&screen=overview
[URL][14-12-22 23:43:42] /game.php?village=75&screen=place&ajax=command&target=68&client_time=1419288222
[URL][14-12-22 23:43:43] /game.php?village=75&screen=ally
[URL][14-12-22 23:43:44] /game.php?village=75&screen=ranking
[URL][14-12-22 23:43:46] /game.php?village=75&mode=secrets&screen=ranking
[URL][14-12-22 23:43:47] /game.php?village=75&mode=ally&screen=ranking
[URL][14-12-22 23:43:48] /game.php?village=75&screen=report
[URL][14-12-22 23:43:50] /game.php?village=75&screen=overview_villages
[URL][14-12-22 23:45:30] /game.php?screen=welcome&intro&oscreen=overview
[URL][14-12-22 23:51:05] /game.php?screen=welcome&intro&oscreen=overview
[URL][14-12-22 23:52:05] /game.php?village=17&mode=player&screen=ranking
[URL][14-12-22 23:52:31] /game.php?village=17&id=44&screen=info_player
[URL][14-12-22 23:52:51] /game.php?village=17&mode=awards&screen=info_player
[URL][14-12-22 23:52:58] /game.php?village=17&screen=main
[URL][14-12-22 23:53:02] /game.php?village=17&screen=overview_villages
[URL][14-12-22 23:53:03] /game.php?village=17&edit=1&screen=info_player
[URL][14-12-22 23:53:04] /game.php?village=17&mode=new&screen=mail
[URL][14-12-22 23:53:14] /game.php?village=17&screen=overview
[URL][14-12-23 00:04:56] /game.php?screen=welcome&intro&oscreen=overview
[URL][14-12-23 00:04:58] /game.php?village=118&screen=ranking
[URL][14-12-23 00:05:00] /game.php?screen=ranking&rank=
[URL][14-12-23 00:05:01] /game.php?village=118&mode=player&offset=25&screen=ranking
[URL][14-12-23 00:05:02] /game.php?village=118&mode=player&offset=0&screen=ranking
[URL][14-12-23 00:05:05] /game.php?village=118&screen=map
[URL][14-12-23 00:05:08] /game.php?village=118&screen=overview
[URL][14-12-23 09:30:24] /game.php?screen=welcome&intro&oscreen=overview
[URL][14-12-23 09:30:29] /game.php?village=13&screen=info_player
[URL][14-12-23 09:30:33] /game.php?village=13&edit=1&screen=info_player
[URL][14-12-23 09:30:36] /game.php?ajax=load_building_icon_selector&screen=api&&client_time=1419323435
[URL][14-12-23 09:30:39] /game.php?ajax=load_unit_icon_selector&screen=api&&client_time=1419323439
[URL][14-12-23 09:33:10] /game.php?village=13&ajax=world_switch&screen=api
[URL][14-12-23 09:37:02] /game.php?village=13&screen=map
[URL][14-12-23 09:37:10] /game.php?village=104&ajax=map_info&source=13&screen=overview
[URL][14-12-23 09:37:10] /game.php?village=84&ajax=map_info&source=13&screen=overview
[URL][14-12-23 09:37:14] /game.php?village=153&ajax=map_info&source=13&screen=overview
[URL][14-12-23 09:37:22] /game.php?village=45&ajax=map_info&source=13&screen=overview
[URL][14-12-23 09:37:39] /game.php?village=13&screen=info_player
[URL][14-12-23 09:37:42] /game.php?village=13&screen=ranking
[URL][14-12-23 09:37:48] /game.php?village=13&id=1&screen=info_player
[URL][14-12-23 09:38:04] /game.php?village=13&id=1&screen=info_village
[URL][14-12-23 09:38:11] /game.php?village=13&screen=info_player&ajax=map_color&id=1&client_time=1419323873
[URL][14-12-23 09:38:16] /game.php?village=13&id=&action=create_map_color&h=orYP&screen=info_player
[URL][14-12-23 09:38:23] /game.php?village=13&screen=map
[URL][14-12-23 09:38:29] /game.php?village=7&ajax=map_info&source=13&screen=overview
[URL][14-12-23 09:38:29] /game.php?village=45&ajax=map_info&source=13&screen=overview
[URL][14-12-23 09:38:29] /game.php?village=50&ajax=map_info&source=13&screen=overview
[URL][14-12-23 09:38:32] /game.php?village=13&id=50&ajaxaction=add_target&h=orYP&json=1&screen=info_village&client_time=1419323910
[URL][14-12-23 09:38:35] /game.php?village=13&id=168&screen=info_player
[URL][14-12-23 09:38:38] /game.php?village=13&screen=map
[URL][14-12-23 09:38:41] /game.php?village=13&action=logout&h=orYP&screen=
[URL][14-12-23 09:38:43] /game.php?village=13&screen=overview
[URL][14-12-23 10:32:18] /game.php?screen=welcome&intro&oscreen=overview
[URL][14-12-23 10:32:26] /game.php?village=65&screen=overview
[URL][14-12-23 10:32:28] /game.php?village=65&screen=map
[URL][14-12-23 10:32:31] /game.php?village=43&ajax=map_info&source=65&screen=overview
[URL][14-12-23 10:32:33] /game.php?village=65&ajax=map_info&source=65&screen=overview
[URL][14-12-23 10:32:33] /game.php?village=89&ajax=map_info&source=65&screen=overview
[URL][14-12-23 10:32:35] /game.php?village=65&id=84&screen=info_player
[URL][14-12-23 10:32:43] /game.php?village=65&screen=info_player&ajax=map_color&id=84&client_time=1419327162
[URL][14-12-23 10:32:51] /game.php?village=65&id=&action=create_map_color&h=3hu1&screen=info_player
[URL][14-12-23 10:33:02] /game.php?village=65&mode=stats_own&screen=info_player
[URL][14-12-23 10:51:30] /game.php?village=65&screen=ranking
[URL][14-12-23 10:51:33] /game.php?village=65&mode=player&offset=50&screen=ranking
[URL][14-12-23 10:51:36] /game.php?screen=ranking&rank=1
[URL][14-12-23 10:51:38] /game.php?village=65&id=1&screen=info_player
[URL][14-12-23 10:51:43] /game.php?village=65&mode=new&player=1&name=Bartekst222&screen=mail
[URL][14-12-23 10:51:46] /game.php?village=65&mode=new&screen=mail
[URL][14-12-23 10:51:49] /game.php?village=65&screen=overview
[URL][14-12-23 10:51:52] /game.php?village=65&mode=settings&screen=settings
[URL][14-12-23 10:51:53] /game.php?village=13&screen=overview
[URL][14-12-23 10:51:54] /game.php?village=65&mode=account&screen=settings
[URL][14-12-23 10:51:57] /game.php?village=65&screen=info_player
[URL][14-12-23 10:52:00] /game.php?village=65&edit=1&screen=info_player
[URL][14-12-23 10:52:39] /game.php?village=65&edit=1&action=change_text&h=3hu1&screen=info_player
[URL][14-12-23 10:52:39] /game.php?village=65&screen=info_player
[URL][14-12-23 10:52:44] /game.php?village=13&screen=ranking
[URL][14-12-23 10:52:50] /game.php?village=65&screen=ranking
[URL][14-12-23 10:52:52] /game.php?village=65&id=248&screen=info_player
[URL][14-12-23 10:52:54] /game.php?village=65&edit=1&screen=info_player
[URL][14-12-23 10:53:10] /game.php?village=65&edit=1&action=change_profile&h=3hu1&screen=info_player
[URL][14-12-23 10:53:11] /game.php?village=65&screen=info_player
[URL][14-12-23 10:53:17] /game.php?village=65&edit=1&screen=info_player
[URL][14-12-23 10:53:21] /game.php?village=65&edit=1&action=change_profile&h=3hu1&screen=info_player
[URL][14-12-23 10:53:22] /game.php?village=65&screen=info_player
[URL][14-12-23 10:53:26] /game.php?village=65&mode=player&screen=ranking
[URL][14-12-23 10:53:29] /game.php?village=65&id=248&screen=info_player
[URL][14-12-23 10:54:49] /game.php?village=13&screen=map
[URL][14-12-23 10:54:53] /game.php?village=50&ajax=map_info&source=13&screen=overview
[URL][14-12-23 10:54:54] /game.php?village=45&ajax=map_info&source=13&screen=overview
[URL][14-12-23 10:54:55] /game.php?village=37&ajax=map_info&source=13&screen=overview
[URL][14-12-23 10:55:09] /game.php?village=13&screen=overview
[URL][14-12-23 11:14:29] /game.php?village=13&screen=ranking
[URL][14-12-23 11:31:26] /game.php?screen=welcome&intro&oscreen=overview
[URL][14-12-23 11:31:47] /game.php?village=13&screen=overview
[URL][14-12-23 11:31:57] /game.php?village=13&screen=map
[URL][14-12-23 11:32:20] /game.php?village=50&ajax=map_info&source=13&screen=overview
[URL][14-12-23 11:32:20] /game.php?village=45&ajax=map_info&source=13&screen=overview
[URL][14-12-23 11:32:20] /game.php?village=29&ajax=map_info&source=13&screen=overview
[URL][14-12-23 11:32:21] /game.php?village=13&ajax=map_info&source=13&screen=overview
[URL][14-12-23 11:32:21] /game.php?village=37&ajax=map_info&source=13&screen=overview
[URL][14-12-23 11:32:24] /game.php?village=13&screen=info_player
[URL][14-12-23 11:32:26] /game.php?village=17&mode=player&screen=ranking
[URL][14-12-23 11:32:58] /game.php?village=17&id=44&screen=info_player
[URL][14-12-23 11:33:33] /game.php?village=17&mode=player&screen=ranking
[URL][14-12-23 11:33:35] /game.php?village=17&mode=awards&screen=info_player
[URL][14-12-23 11:33:52] /game.php?village=17&id=286&screen=info_player
[URL][14-12-23 11:33:53] /game.php?village=17&edit=1&screen=info_player
[URL][14-12-23 11:33:53] /game.php?village=13&mode=stats_own&screen=info_player
[URL][14-12-23 11:34:53] /game.php?village=17&screen=info_player&ajax=map_color&id=286&client_time=1419330903
[URL][14-12-23 11:35:03] /game.php?village=17&id=44&screen=info_player
[URL][14-12-23 11:35:11] /game.php?village=17&id=31&screen=info_player
[URL][14-12-23 11:35:18] /game.php?village=17&mode=new&player=31&name=Ashr&screen=mail
[URL][14-12-23 11:35:22] /game.php?village=17&screen=map
[URL][14-12-23 11:35:31] /game.php?village=77&ajax=map_info&source=17&screen=overview
[URL][14-12-23 11:35:31] /game.php?village=17&ajax=map_info&source=17&screen=overview
[URL][14-12-23 11:35:31] /game.php?village=52&ajax=map_info&source=17&screen=overview
[URL][14-12-23 11:35:35] /game.php?village=17&screen=ally
[URL][14-12-23 11:35:41] /game.php?village=17&screen=info_player
[URL][14-12-23 11:35:50] /game.php?village=17&edit=1&screen=info_player
[URL][14-12-23 11:36:13] /game.php?village=17&edit=1&action=change_text&h=PWTD&screen=info_player
[URL][14-12-23 11:36:41] /game.php?village=17&edit=1&action=change_text&h=PWTD&screen=info_player
[URL][14-12-23 11:36:44] /game.php?village=17&screen=info_player
[URL][14-12-23 11:36:56] /game.php?village=17&edit=1&screen=info_player
[URL][14-12-23 11:37:07] /game.php?village=17&edit=1&action=change_text&h=PWTD&screen=info_player
[URL][14-12-23 11:37:16] /game.php?village=17&edit=1&action=change_text&h=PWTD&screen=info_player
[URL][14-12-23 11:37:17] /game.php?village=17&screen=info_player
[URL][14-12-23 11:37:25] /game.php?village=17&screen=main
[URL][14-12-23 11:37:31] /game.php?village=17&screen=report
[URL][14-12-23 11:37:31] /game.php?village=17&screen=overview_villages
[URL][14-12-23 11:40:49] /game.php?village=13&screen=overview
[URL][14-12-23 11:45:21] /game.php?village=13&screen=overview
[URL][14-12-23 11:45:33] /game.php?village=13&screen=map
[URL][14-12-23 11:45:53] /game.php?village=13&type=for&action=activate_group&h=orYP&screen=map
[URL][14-12-23 11:45:56] /game.php?village=13&screen=overview
[URL][14-12-23 11:55:43] /game.php?village=13&screen=overview
[URL][14-12-23 11:55:48] /game.php?village=13&screen=map
[URL][14-12-23 11:56:29] /game.php?village=13&screen=overview
[URL][14-12-23 11:57:22] /game.php?screen=welcome&intro&oscreen=overview
[URL][14-12-23 12:05:15] /game.php?village=1&screen=info_player
[URL][14-12-23 12:07:12] /game.php?village=1&screen=overview
[URL][14-12-23 12:12:54] /game.php?village=13&screen=overview
[URL][14-12-23 12:13:01] /game.php?village=13&screen=ranking
[URL][14-12-23 12:13:06] /game.php?village=13&screen=overview
[URL][14-12-23 12:16:06] /game.php?village=13&screen=overview
[URL][14-12-23 12:16:12] /game.php?village=13&screen=overview
[URL][14-12-23 12:22:49] /game.php?village=1&screen=info_player
[URL][14-12-23 12:24:15] /game.php?village=1&screen=info_player
[URL][14-12-23 12:24:59] /game.php?village=1&screen=info_player
[URL][14-12-23 12:25:23] /game.php?village=1&screen=map
[URL][14-12-23 12:25:29] /game.php?village=5&ajax=map_info&source=1&screen=overview
[URL][14-12-23 12:25:29] /game.php?village=41&ajax=map_info&source=1&screen=overview
[URL][14-12-23 12:25:29] /game.php?village=31&ajax=map_info&source=1&screen=overview
[URL][14-12-23 12:25:42] /game.php?village=1&screen=map
[URL][14-12-23 12:25:49] /game.php?village=28&ajax=map_info&source=1&screen=overview
[URL][14-12-23 12:25:51] /game.php?village=41&ajax=map_info&source=1&screen=overview
[URL][14-12-23 12:26:30] /game.php?village=1&screen=info_player
[URL][14-12-23 12:26:35] /game.php?village=2&ajax=map_info&source=1&screen=overview
[URL][14-12-23 12:26:35] /game.php?village=26&ajax=map_info&source=1&screen=overview
[URL][14-12-23 12:26:36] /game.php?village=31&ajax=map_info&source=1&screen=overview
[URL][14-12-23 12:26:36] /game.php?village=1&screen=map
[URL][14-12-23 12:27:26] /game.php?village=6&ajax=map_info&source=1&screen=overview
[URL][14-12-23 12:27:26] /game.php?village=26&ajax=map_info&source=1&screen=overview
[URL][14-12-23 12:27:26] /game.php?village=23&ajax=map_info&source=1&screen=overview
[URL][14-12-23 12:27:27] /game.php?village=34&ajax=map_info&source=1&screen=overview
[URL][14-12-23 12:27:27] /game.php?village=1&screen=map
[URL][14-12-23 12:27:28] /game.php?village=4&ajax=map_info&source=1&screen=overview
[URL][14-12-23 12:27:28] /game.php?village=19&ajax=map_info&source=1&screen=overview
[URL][14-12-23 12:27:28] /game.php?village=25&ajax=map_info&source=1&screen=overview
[URL][14-12-23 12:27:33] /game.php?village=25&ajax=map_info&source=1&screen=overview
[URL][14-12-23 12:27:33] /game.php?village=34&ajax=map_info&source=1&screen=overview
[URL][14-12-23 12:27:33] /game.php?village=19&ajax=map_info&source=1&screen=overview
[URL][14-12-23 12:27:36] /game.php?village=18&ajax=map_info&source=1&screen=overview
[URL][14-12-23 12:27:36] /game.php?village=20&ajax=map_info&source=1&screen=overview
[URL][14-12-23 12:27:37] /game.php?village=1&screen=info_player
[URL][14-12-23 12:28:15] /game.php?village=1&screen=ally
[URL][14-12-23 12:28:21] /game.php?village=21&ajax=map_info&source=1&screen=overview
[URL][14-12-23 12:28:21] /game.php?village=11&ajax=map_info&source=1&screen=overview
[URL][14-12-23 12:28:21] /game.php?village=31&ajax=map_info&source=1&screen=overview
[URL][14-12-23 12:28:21] /game.php?village=6&ajax=map_info&source=1&screen=overview
[URL][14-12-23 12:28:25] /game.php?village=1&id=268&screen=info_player
[URL][14-12-23 12:28:43] /game.php?village=9&ajax=map_info&source=1&screen=overview
[URL][14-12-23 12:28:45] /game.php?village=122&ajax=map_info&source=1&screen=overview
[URL][14-12-23 12:28:47] /game.php?village=153&ajax=map_info&source=1&screen=overview
[URL][14-12-23 12:28:49] /game.php?village=1&id=164&screen=info_player
[URL][14-12-23 12:29:52] /game.php?village=1&screen=map
[URL][14-12-23 12:30:02] /game.php?village=53&ajax=map_info&source=1&screen=overview
[URL][14-12-23 12:30:02] /game.php?village=16&ajax=map_info&source=1&screen=overview
[URL][14-12-23 12:30:02] /game.php?village=25&ajax=map_info&source=1&screen=overview
[URL][14-12-23 12:30:02] /game.php?village=8&ajax=map_info&source=1&screen=overview
[URL][14-12-23 12:30:05] /game.php?village=1&type=for&action=activate_group&h=JNYI&screen=map
[URL][14-12-23 12:30:05] /game.php?village=45&ajax=map_info&source=1&screen=overview
[URL][14-12-23 12:30:07] /game.php?village=1&screen=info_player
[URL][14-12-23 12:30:15] /game.php?village=2&ajax=map_info&source=1&screen=overview
[URL][14-12-23 12:30:15] /game.php?village=26&ajax=map_info&source=1&screen=overview
[URL][14-12-23 12:30:15] /game.php?village=6&ajax=map_info&source=1&screen=overview
[URL][14-12-23 12:30:17] /game.php?village=1&id=268&screen=info_player
[URL][14-12-23 12:32:29] /game.php?village=13&screen=overview
[URL][14-12-23 12:34:39] /game.php?village=13&screen=overview
[URL][14-12-23 12:36:00] /game.php?village=13&screen=map
[URL][14-12-23 12:36:11] /game.php?village=13&screen=ranking
[URL][14-12-23 12:36:11] /game.php?screen=welcome&intro&oscreen=overview
[URL][14-12-23 12:36:15] /game.php?village=13&id=1&screen=info_player
[URL][14-12-23 12:36:17] /game.php?village=118&screen=overview
[URL][14-12-23 12:36:19] /game.php?village=118&screen=ranking
[URL][14-12-23 12:36:22] /game.php?screen=ranking&rank=1
[URL][14-12-23 12:36:36] /game.php?village=13&id=1&screen=info_village
[URL][14-12-23 12:36:38] /game.php?village=13&screen=map
[URL][14-12-23 12:36:43] /game.php?village=50&ajax=map_info&source=13&screen=overview
[URL][14-12-23 12:36:43] /game.php?village=45&ajax=map_info&source=13&screen=overview
[URL][14-12-23 12:36:45] /game.php?village=31&ajax=map_info&source=13&screen=overview
[URL][14-12-23 12:36:46] /game.php?village=6&ajax=map_info&source=13&screen=overview
[URL][14-12-23 12:36:49] /game.php?village=13&id=6&screen=info_village
[URL][14-12-23 12:36:52] /game.php?village=13&screen=overview
[URL][14-12-23 12:36:55] /game.php?village=13&screen=overview
[URL][14-12-23 12:36:57] /game.php?village=13&screen=map
[URL][14-12-23 12:37:01] /game.php?village=25&ajax=map_info&source=13&screen=overview
[URL][14-12-23 12:37:04] /game.php?village=54&ajax=map_info&source=13&screen=overview
[URL][14-12-23 12:37:05] /game.php?village=70&ajax=map_info&source=13&screen=overview
[URL][14-12-23 12:37:07] /game.php?village=13&id=158&screen=info_player
[URL][14-12-23 12:37:32] /game.php?village=13&screen=ranking
[URL][14-12-23 12:37:35] /game.php?village=13&id=1&screen=info_player
[URL][14-12-23 12:38:22] /game.php?village=13&screen=map
[URL][14-12-23 12:38:33] /game.php?village=20&ajax=map_info&source=1&screen=overview
[URL][14-12-23 12:38:33] /game.php?village=11&ajax=map_info&source=1&screen=overview
[URL][14-12-23 12:38:34] /game.php?village=3&ajax=map_info&source=1&screen=overview
[URL][14-12-23 12:38:40] /game.php?village=1&type=for&action=activate_group&h=JNYI&screen=map
[URL][14-12-23 12:38:47] /game.php?village=16&ajax=map_info&source=1&screen=overview
[URL][14-12-23 12:38:48] /game.php?village=1&ajax=map_info&source=1&screen=overview
[URL][14-12-23 12:38:48] /game.php?village=28&ajax=map_info&source=1&screen=overview
[URL][14-12-23 12:38:49] /game.php?village=6&ajax=map_info&source=1&screen=overview
[URL][14-12-23 12:38:50] /game.php?village=26&ajax=map_info&source=1&screen=overview
[URL][14-12-23 12:38:51] /game.php?village=29&ajax=map_info&source=1&screen=overview
[URL][14-12-23 12:38:52] /game.php?village=13&ajax=map_info&source=1&screen=overview
[URL][14-12-23 12:38:52] /game.php?village=50&ajax=map_info&source=1&screen=overview
[URL][14-12-23 12:39:13] /game.php?village=13&screen=overview
[URL][14-12-23 12:42:19] /game.php?village=37&ajax=map_info&source=1&screen=overview
[URL][14-12-23 12:42:22] /game.php?village=32&ajax=map_info&source=1&screen=overview
[URL][14-12-23 12:43:50] /game.php?screen=welcome&intro&oscreen=overview
[URL][14-12-23 12:43:56] /game.php?village=72&screen=main
[URL][14-12-23 12:43:58] /game.php?village=72&screen=overview
[URL][14-12-23 12:43:59] /game.php?village=72&screen=overview
[URL][14-12-23 12:44:02] /game.php?village=72&screen=overview
[URL][14-12-23 12:44:05] /game.php?village=72&action=logout&h=eZpk&screen=
[URL][14-12-23 12:44:07] /game.php?village=72&ajax=world_switch&screen=api
[URL][14-12-23 12:49:38] /game.php?village=7&ajax=map_info&source=1&screen=overview
[URL][14-12-23 12:49:38] /game.php?village=49&ajax=map_info&source=1&screen=overview
[URL][14-12-23 12:49:38] /game.php?village=14&ajax=map_info&source=1&screen=overview
[URL][14-12-23 12:49:38] /game.php?village=23&ajax=map_info&source=1&screen=overview
[URL][14-12-23 12:49:39] /game.php?village=64&ajax=map_info&source=1&screen=overview
[URL][14-12-23 12:49:40] /game.php?village=1&type=for&action=activate_group&h=JNYI&screen=map
[URL][14-12-23 12:49:50] /game.php?village=34&ajax=map_info&source=1&screen=overview
[URL][14-12-23 12:49:51] /game.php?village=44&ajax=map_info&source=1&screen=overview
[URL][14-12-23 12:49:58] /game.php?village=56&ajax=map_info&source=1&screen=overview
[URL][14-12-23 12:50:00] /game.php?village=1&type=for&action=activate_group&h=JNYI&screen=map
[URL][14-12-23 12:50:20] /game.php?village=1&type=for&action=activate_group&h=JNYI&screen=map
[URL][14-12-23 12:50:43] /game.php?village=34&ajax=map_info&source=1&screen=overview
[URL][14-12-23 12:50:44] /game.php?village=25&ajax=map_info&source=1&screen=overview
[URL][14-12-23 12:50:50] /game.php?village=45&ajax=map_info&source=1&screen=overview
[URL][14-12-23 12:50:51] /game.php?village=44&ajax=map_info&source=1&screen=overview
[URL][14-12-23 12:50:52] /game.php?village=4&ajax=map_info&source=1&screen=overview
[URL][14-12-23 12:50:52] /game.php?village=18&ajax=map_info&source=1&screen=overview
[URL][14-12-23 12:50:54] /game.php?village=31&ajax=map_info&source=1&screen=overview
[URL][14-12-23 12:55:17] /game.php?screen=welcome&intro&oscreen=overview
[URL][14-12-23 12:55:42] /game.php?village=110&screen=overview
[URL][14-12-23 12:55:47] /game.php?village=110&screen=main
[URL][14-12-23 12:55:56] /game.php?village=110&screen=main
[URL][14-12-23 12:55:56] /game.php?village=110&screen=main
[URL][14-12-23 12:55:57] /game.php?village=110&screen=main
[URL][14-12-23 12:56:54] /game.php?village=110&screen=premium
[URL][14-12-23 12:57:00] /game.php?village=110&ajax=world_switch&screen=api
[URL][14-12-23 13:05:40] /game.php?screen=welcome&intro&oscreen=overview
[URL][14-12-23 13:05:44] /game.php?village=110&screen=overview
[URL][14-12-23 13:30:58] /game.php?screen=welcome&intro&oscreen=overview
[URL][14-12-23 13:48:48] /game.php?village=1&screen=map
[URL][14-12-23 14:16:44] /game.php?village=1&screen=map
[URL][14-12-23 14:16:55] /game.php?village=21&ajax=map_info&source=1&screen=overview
[URL][14-12-23 14:16:55] /game.php?village=1&ajax=map_info&source=1&screen=overview
[URL][14-12-23 14:19:13] /game.php?village=1&screen=welcome
[URL][14-12-23 14:20:57] /game.php?village=13&screen=overview
[URL][14-12-23 14:22:22] /game.php?village=13&screen=info_player
[URL][14-12-23 14:22:27] /game.php?village=13&screen=map
[URL][14-12-23 14:23:11] /game.php?village=45&ajax=map_info&source=13&screen=overview
[URL][14-12-23 14:23:13] /game.php?village=13&id=45&screen=info_village
[URL][14-12-23 14:23:16] /game.php?village=13&screen=overview
[URL][14-12-23 14:23:18] /game.php?village=13&screen=map
[URL][14-12-23 14:26:45] /game.php?village=1&screen=welcome
[URL][14-12-23 14:26:59] /game.php?screen=welcome&intro&oscreen=overview
[URL][14-12-23 14:27:02] /game.php?village=47&screen=overview
[URL][14-12-23 14:27:04] /game.php?village=47&screen=map
[URL][14-12-23 14:27:08] /game.php?village=49&ajax=map_info&source=47&screen=overview
[URL][14-12-23 14:27:12] /game.php?village=33&ajax=map_info&source=47&screen=overview
[URL][14-12-23 14:27:12] /game.php?village=1&screen=welcome
[URL][14-12-23 14:27:12] /game.php?village=15&ajax=map_info&source=47&screen=overview
[URL][14-12-23 14:27:12] /game.php?village=51&ajax=map_info&source=47&screen=overview
[URL][14-12-23 14:27:12] /game.php?village=47&ajax=map_info&source=47&screen=overview
[URL][14-12-23 14:27:16] /game.php?village=47&screen=overview
[URL][14-12-23 14:27:43] /game.php?village=47&screen=info_player
[URL][14-12-23 14:27:49] /game.php?village=47&mode=inventory&screen=info_player
[URL][14-12-23 14:27:49] /game.php?village=34&ajax=map_info&source=13&screen=overview
[URL][14-12-23 14:27:50] /game.php?village=13&action=logout&h=orYP&screen=
[URL][14-12-23 14:27:51] /game.php?village=47&mode=awards&screen=info_player
[URL][14-12-23 14:27:56] /game.php?village=47&edit=1&screen=info_player
[URL][14-12-23 14:28:01] /game.php?village=13&id=2&screen=info_player
[URL][14-12-23 14:28:04] /game.php?screen=welcome&intro&oscreen=overview
[URL][14-12-23 14:28:06] /game.php?village=13&screen=
[URL][14-12-23 14:28:07] /game.php?village=13&screen=
[URL][14-12-23 14:28:08] /game.php?village=30&screen=settings
[URL][14-12-23 14:28:10] /game.php?village=30&mode=settings&screen=settings
[URL][14-12-23 14:28:12] /game.php?village=30&mode=account&screen=settings
[URL][14-12-23 14:28:14] /game.php?village=47&edit=1&action=change_profile&h=KcSW&screen=info_player
[URL][14-12-23 14:28:14] /game.php?village=30&mode=move&screen=settings
[URL][14-12-23 14:28:14] /game.php?village=47&screen=info_player
[URL][14-12-23 14:28:16] /game.php?village=30&mode=share&screen=settings
[URL][14-12-23 14:28:17] /game.php?village=47&screen=ranking
[URL][14-12-23 14:28:17] /game.php?village=30&mode=logins&screen=settings
[URL][14-12-23 14:28:18] /game.php?village=47&id=196&screen=info_player
[URL][14-12-23 14:28:19] /game.php?village=30&screen=info_player
[URL][14-12-23 14:28:25] /game.php?village=30&mode=inventory&screen=info_player
[URL][14-12-23 14:28:26] /game.php?village=47&mode=address&action=add_address_id&h=KcSW&address_id=196&screen=mail
[URL][14-12-23 14:28:27] /game.php?village=30&mode=awards&screen=info_player
[URL][14-12-23 14:28:29] /game.php?village=30&mode=stats_own&screen=info_player
[URL][14-12-23 14:28:30] /game.php?village=30&mode=buddies&screen=info_player
[URL][14-12-23 14:28:31] /game.php?village=30&mode=block&screen=info_player
[URL][14-12-23 14:28:31] /game.php?village=47&screen=overview
[URL][14-12-23 14:28:33] /game.php?village=30&edit=1&screen=info_player
[URL][14-12-23 14:28:42] /game.php?village=13&screen=overview_villages
[URL][14-12-23 14:28:48] /game.php?village=47&screen=ranking
[URL][14-12-23 14:28:52] /game.php?village=47&screen=map
[URL][14-12-23 14:28:54] /game.php?village=30&edit=1&action=change_text&h=K1Rx&screen=info_player
[URL][14-12-23 14:28:55] /game.php?village=30&screen=info_player
[URL][14-12-23 14:28:57] /game.php?village=13&screen=overview
[URL][14-12-23 14:29:00] /game.php?village=30&screen=ranking
[URL][14-12-23 14:29:02] /game.php?village=30&id=2&screen=info_player
[URL][14-12-23 14:29:08] /game.php?village=30&mode=new&player=2&name=maxis27&screen=mail
[URL][14-12-23 14:29:12] /game.php?village=47&screen=overview
[URL][14-12-23 14:29:13] /game.php?village=30&id=2&action=add_friend&h=K1Rx&screen=info_player
[URL][14-12-23 14:29:13] /game.php?village=47&screen=premium
[URL][14-12-23 14:29:18] /game.php?village=30&mode=address&action=add_address_id&h=K1Rx&address_id=2&screen=mail
[URL][14-12-23 14:29:22] /game.php?village=30&mode=address&action=add_address_id&h=K1Rx&address_id=2&screen=mail
[URL][14-12-23 14:29:24] /game.php?village=30&screen=mail
[URL][14-12-23 14:29:25] /game.php?village=30&screen=ranking
[URL][14-12-23 14:29:31] /game.php?village=30&screen=map
[URL][14-12-23 14:29:33] /game.php?village=30&ajax=map_info&source=30&screen=overview
[URL][14-12-23 14:29:35] /game.php?village=148&ajax=map_info&source=30&screen=overview
[URL][14-12-23 14:29:36] /game.php?village=30&ajax=world_switch&screen=api
[URL][14-12-23 14:29:38] /game.php?village=156&ajax=map_info&source=30&screen=overview
[URL][14-12-23 14:30:26] /game.php?village=70&ajax=map_info&source=30&screen=overview
[URL][14-12-23 14:30:26] /game.php?village=88&ajax=map_info&source=30&screen=overview
[URL][14-12-23 14:30:27] /game.php?village=64&ajax=map_info&source=30&screen=overview
[URL][14-12-23 14:30:29] /game.php?village=30&screen=train
[URL][14-12-23 14:30:31] /game.php?village=30&screen=train
[URL][14-12-23 14:30:32] /game.php?village=30&screen=church
[URL][14-12-23 14:30:33] /game.php?village=30&screen=snob
[URL][14-12-23 14:30:35] /game.php?village=30&screen=flags
[URL][14-12-23 14:30:36] /game.php?mode=inventory&village=30&screen=statue
[URL][14-12-23 14:30:38] /game.php?village=30&screen=map
[URL][14-12-23 14:30:44] /game.php?village=77&ajax=map_info&source=30&screen=overview
[URL][14-12-23 14:30:45] /game.php?village=67&ajax=map_info&source=30&screen=overview
[URL][14-12-23 14:31:02] /game.php?village=40&ajax=map_info&source=30&screen=overview
[URL][14-12-23 14:31:02] /game.php?village=30&ajax=map_info&source=30&screen=overview
[URL][14-12-23 14:31:05] /game.php?village=30&id=10&screen=info_player
[URL][14-12-23 14:31:11] /game.php?village=30&screen=ranking
[URL][14-12-23 14:31:13] /game.php?village=30&id=1&screen=info_player
[URL][14-12-23 14:31:23] /game.php?screen=api&ajax=village_context&id=1
[URL][14-12-23 14:31:33] /game.php?village=30&screen=am_farm
[URL][14-12-23 14:31:34] /game.php?village=30&screen=ranking
[URL][14-12-23 14:32:54] /game.php?village=13&screen=map
[URL][14-12-23 14:33:27] /game.php?village=13&screen=overview
[URL][14-12-23 14:34:05] /game.php?village=13&screen=overview
[URL][14-12-23 14:51:44] /game.php?village=13&screen=overview_villages
[URL][14-12-23 14:51:46] /game.php?village=13&screen=overview
[URL][14-12-23 14:51:49] /game.php?village=13&screen=ranking
[URL][14-12-23 14:51:51] /game.php?village=13&id=1&screen=info_player
[URL][14-12-23 14:51:57] /game.php?village=13&mode=new&player=1&name=Bartekst222&screen=mail
[URL][14-12-23 14:51:59] /game.php?village=13&screen=overview
[URL][14-12-23 14:52:02] /game.php?village=13&ajax=world_switch&screen=api
[URL][14-12-23 14:52:04] /game.php?village=13&action=logout&h=orYP&screen=
[URL][14-12-23 14:52:13] /game.php?village=13&id=2&screen=info_player
[URL][14-12-23 14:52:36] /game.php?village=13&screen=mail
[URL][14-12-23 14:52:39] /game.php?village=13&screen=overview
[URL][14-12-23 14:55:37] /game.php?village=13&screen=overview
[URL][14-12-23 14:55:42] /game.php?village=13&screen=
[URL][14-12-23 14:55:44] /game.php?village=13&screen=
[URL][14-12-23 14:58:16] /game.php?village=1&screen=welcome
[URL][14-12-23 14:58:40] /game.php?village=30&screen=overview
[URL][14-12-23 15:01:53] /game.php?village=1&screen=welcome
[URL][14-12-23 15:02:03] /game.php?village=1&screen=overview
[URL][14-12-23 15:02:08] /game.php?village=1&screen=map
[URL][14-12-23 15:02:10] /game.php?village=1&screen=overview
[URL][14-12-23 15:02:28] /game.php?screen=welcome&intro&oscreen=overview
[URL][14-12-23 15:02:32] /game.php?village=213&screen=overview
[URL][14-12-23 15:02:35] /game.php?village=213&screen=main
[URL][14-12-23 15:07:24] /game.php?village=13&screen=
[URL][14-12-23 15:07:45] /game.php?village=13&screen=
[URL][14-12-23 15:07:49] /game.php?village=13&screen=overview
[URL][14-12-23 15:07:52] /game.php?village=13&screen=overview_villages
[URL][14-12-23 15:07:54] /game.php?village=13&screen=overview
[URL][14-12-23 15:08:18] /game.php?village=13&screen=ranking
[URL][14-12-23 15:08:26] /game.php?village=13&id=1&screen=info_player
[URL][14-12-23 15:08:31] /game.php?village=13&id=3&screen=info_player
[URL][14-12-23 15:08:35] /game.php?village=13&screen=overview
[URL][14-12-23 15:12:12] /game.php?village=13&screen=overview
[URL][14-12-23 15:12:14] /game.php?village=13&screen=overview
[URL][14-12-23 15:12:16] /game.php?village=13&screen=map
[URL][14-12-23 15:12:20] /game.php?village=49&ajax=map_info&source=13&screen=overview
[URL][14-12-23 15:12:21] /game.php?village=50&ajax=map_info&source=13&screen=overview
[URL][14-12-23 15:12:22] /game.php?village=13&ajax=map_info&source=13&screen=overview
[URL][14-12-23 15:12:23] /game.php?village=37&ajax=map_info&source=13&screen=overview
[URL][14-12-23 15:12:24] /game.php?village=45&ajax=map_info&source=13&screen=overview
[URL][14-12-23 15:12:24] /game.php?village=29&ajax=map_info&source=13&screen=overview
[URL][14-12-23 15:12:33] /game.php?village=14&ajax=map_info&source=13&screen=overview
[URL][14-12-23 15:12:34] /game.php?village=13&screen=overview
[URL][14-12-23 15:15:48] /game.php?village=13&screen=map
[URL][14-12-23 15:15:52] /game.php?village=37&ajax=map_info&source=13&screen=overview
[URL][14-12-23 15:15:52] /game.php?village=13&ajax=map_info&source=13&screen=overview
[URL][14-12-23 15:15:52] /game.php?village=50&ajax=map_info&source=13&screen=overview
[URL][14-12-23 15:15:54] /game.php?village=13&screen=ally
[URL][14-12-23 15:15:56] /game.php?village=13&screen=info_player
[URL][14-12-23 15:16:03] /game.php?village=13&screen=info_player
[URL][14-12-23 15:16:53] /game.php?village=13&screen=overview
[URL][14-12-23 15:19:45] /game.php?village=13&screen=map
[URL][14-12-23 15:19:49] /game.php?village=50&ajax=map_info&source=13&screen=overview
[URL][14-12-23 15:19:49] /game.php?village=29&ajax=map_info&source=13&screen=overview
[URL][14-12-23 15:19:51] /game.php?village=8&ajax=map_info&source=13&screen=overview
[URL][14-12-23 15:19:53] /game.php?village=25&ajax=map_info&source=13&screen=overview
[URL][14-12-23 15:19:53] /game.php?village=2&ajax=map_info&source=13&screen=overview
[URL][14-12-23 15:19:56] /game.php?village=13&action=logout&h=orYP&screen=
[URL][14-12-23 15:21:11] /game.php?village=13&screen=overview_villages
[URL][14-12-23 15:27:10] /game.php?village=13&action=logout&h=orYP&screen=
[URL][14-12-23 15:27:13] /game.php?village=13&id=2&screen=info_player
[URL][14-12-23 15:27:20] /game.php?village=13&id=2&screen=info_player
[URL][14-12-23 15:27:23] /game.php?village=13&mode=stats_own&screen=info_player
[URL][14-12-23 15:27:30] /game.php?village=13&id=2&screen=info_player
[URL][14-12-23 15:27:44] /game.php?village=13&screen=overview
[URL][14-12-23 15:27:46] /game.php?village=13&screen=overview
[URL][14-12-23 15:28:10] /game.php?village=13&screen=overview
[URL][14-12-23 15:28:13] /game.php?village=13&screen=overview
[URL][14-12-23 15:28:15] /game.php?village=13&screen=report
[URL][14-12-23 15:28:21] /game.php?village=13&screen=main
[URL][14-12-23 15:28:24] /game.php?village=13&screen=train
[URL][14-12-23 15:28:26] /game.php?village=13&screen=church
[URL][14-12-23 15:28:29] /game.php?village=13&screen=snob
[URL][14-12-23 15:28:30] /game.php?village=13&screen=smith
[URL][14-12-23 15:28:32] /game.php?village=13&screen=place
[URL][14-12-23 15:28:33] /game.php?village=13&screen=market
[URL][14-12-23 15:28:35] /game.php?village=13&screen=premium
[URL][14-12-23 15:28:38] /game.php?village=13&screen=overview
[URL][14-12-23 15:30:09] /game.php?village=13&screen=overview
[URL][14-12-23 15:38:27] /game.php?village=13&screen=overview_villages
[URL][14-12-23 15:38:29] /game.php?village=13&screen=overview
[URL][14-12-23 15:38:31] /game.php?village=13&screen=ranking
[URL][14-12-23 15:38:38] /game.php?village=13&id=1&screen=info_player
[URL][14-12-23 17:13:42] /game.php?screen=welcome&intro&oscreen=overview
[URL][14-12-23 17:13:50] /game.php?village=47&id=203&screen=info_player
[URL][14-12-23 17:13:55] /game.php?village=47&screen=overview
[URL][14-12-23 17:13:57] /game.php?village=47&screen=map
[URL][14-12-23 17:14:00] /game.php?village=27&ajax=map_info&source=47&screen=overview
[URL][14-12-23 17:14:00] /game.php?village=38&ajax=map_info&source=47&screen=overview
[URL][14-12-23 17:14:01] /game.php?village=47&ajax=map_info&source=47&screen=overview
[URL][14-12-23 17:14:04] /game.php?village=14&ajax=map_info&source=47&screen=overview
[URL][14-12-23 17:14:04] /game.php?village=37&ajax=map_info&source=47&screen=overview
[URL][14-12-23 17:14:04] /game.php?village=13&ajax=map_info&source=47&screen=overview
[URL][14-12-23 17:14:04] /game.php?village=29&ajax=map_info&source=47&screen=overview
[URL][14-12-23 17:14:06] /game.php?village=12&ajax=map_info&source=47&screen=overview
[URL][14-12-23 17:14:10] /game.php?village=79&ajax=map_info&source=47&screen=overview
[URL][14-12-23 17:14:13] /game.php?village=109&ajax=map_info&source=47&screen=overview
[URL][14-12-23 17:14:23] /game.php?village=47&screen=info_player
[URL][14-12-23 17:14:33] /game.php?village=47&screen=flags
[URL][14-12-23 17:14:35] /game.php?village=47&screen=overview
[URL][14-12-23 18:42:38] /game.php?screen=welcome&intro&oscreen=overview
[URL][14-12-23 18:42:46] /game.php?village=78&screen=overview
[URL][14-12-23 18:42:51] /game.php?village=78&mode=player&screen=ranking
[URL][14-12-23 18:43:01] /game.php?village=78&mode=awards&screen=ranking
[URL][14-12-23 18:43:09] /game.php?village=78&mode=con_player&screen=ranking
[URL][14-12-23 18:43:11] /game.php?village=78&mode=con_ally&screen=ranking
[URL][14-12-23 18:43:14] /game.php?village=78&screen=ally
[URL][14-12-23 19:02:22] /game.php?screen=welcome&intro&oscreen=overview
[URL][14-12-23 19:02:30] /game.php?village=30&screen=overview
[URL][14-12-23 19:33:55] /game.php?screen=welcome&intro&oscreen=overview
[URL][14-12-23 19:33:57] /game.php?village=35&screen=ranking
[URL][14-12-23 19:34:00] /game.php?village=35&mode=player&offset=25&screen=ranking
[URL][14-12-23 19:34:03] /game.php?village=35&mode=player&offset=0&screen=ranking
[URL][14-12-23 19:34:05] /game.php?village=35&id=1&screen=info_player
[URL][14-12-23 19:34:11] /game.php?village=35&screen=map
[URL][14-12-23 19:34:16] /game.php?village=53&ajax=map_info&source=35&screen=overview
[URL][14-12-23 19:34:19] /game.php?village=35&screen=place&ajax=command&target=53&client_time=1419359659
[URL][14-12-23 19:34:22] /game.php?village=35&id=209&screen=info_player
[URL][14-12-23 19:34:25] /game.php?village=35&screen=report
[URL][14-12-23 19:34:26] /game.php?village=35&screen=mail
[URL][14-12-23 19:34:28] /game.php?village=35&screen=ranking
[URL][14-12-23 19:34:31] /game.php?village=35&mode=player&offset=25&screen=ranking
[URL][14-12-23 19:34:32] /game.php?village=35&mode=player&offset=0&screen=ranking
[URL][14-12-23 19:34:35] /game.php?village=35&id=1&screen=info_player
[URL][14-12-23 19:34:38] /game.php?village=35&mode=new&player=1&name=Bartekst222&screen=mail
[URL][14-12-23 19:39:08] /game.php?screen=welcome&intro&oscreen=overview
[URL][14-12-23 19:39:12] /game.php
[URL][14-12-23 19:39:14] /game.php?village=215&screen=ranking
[URL][14-12-23 19:39:16] /game.php?screen=ranking&rank=1
[URL][14-12-23 19:39:18] /game.php?village=215&screen=map
[URL][14-12-23 19:39:20] /game.php?village=205&ajax=map_info&source=215&screen=overview
[URL][14-12-23 19:39:21] /game.php?village=215&screen=main
[URL][14-12-23 20:36:56] /game.php?screen=welcome&intro&oscreen=overview
[URL][14-12-23 20:37:24] /game.php?screen=welcome&intro&oscreen=overview
[URL][14-12-23 20:38:18] /game.php?village=13&screen=map
[URL][14-12-23 20:38:47] /game.php?village=7&ajax=map_info&source=13&screen=overview
[URL][14-12-23 20:38:47] /game.php?village=59&ajax=map_info&source=13&screen=overview
[URL][14-12-23 20:39:09] /game.php?village=52&ajax=map_info&source=13&screen=overview
[URL][14-12-23 20:39:09] /game.php?village=40&ajax=map_info&source=13&screen=overview
[URL][14-12-23 20:39:14] /game.php?village=51&ajax=map_info&source=13&screen=overview
[URL][14-12-23 20:39:20] /game.php?village=66&ajax=map_info&source=13&screen=overview
[URL][14-12-23 20:39:23] /game.php?village=119&ajax=map_info&source=13&screen=overview
[URL][14-12-23 20:39:33] /game.php?village=13&screen=overview
[URL][14-12-23 20:41:59] /game.php?village=13&ajax=world_switch&screen=api
[URL][14-12-23 20:42:26] /game.php?village=13&action=logout&h=Sx0x&screen=
[URL][14-12-23 20:42:36] /game.php?village=13&id=2&screen=info_player
[URL][14-12-23 20:43:01] /game.php?village=13&screen=ranking
[URL][14-12-23 20:43:18] /game.php?village=13&id=19&screen=info_player
[URL][14-12-23 20:53:15] /game.php?screen=welcome&intro&oscreen=overview
[URL][14-12-23 20:53:40] /game.php?screen=welcome&intro&oscreen=overview
[URL][14-12-23 20:53:49] /game.php?village=1&screen=overview
[URL][14-12-23 20:55:44] /game.php?village=1&screen=overview
[URL][14-12-23 21:07:22] /game.php?village=1&screen=overview
[URL][14-12-23 21:07:23] /game.php?village=1&screen=overview
[URL][14-12-23 21:07:30] /game.php?village=1&screen=overview
[URL][14-12-23 21:07:39] /game.php?village=1&screen=overview
[URL][14-12-23 21:07:46] /game.php?village=1&screen=overview
[URL][14-12-23 21:07:48] /game.php?village=1&screen=overview
[URL][14-12-23 21:07:49] /game.php?village=1&screen=overview
[URL][14-12-23 21:07:53] /game.php?village=1&screen=overview
[URL][14-12-23 21:23:00] /game.php?screen=welcome&intro&oscreen=overview
[URL][14-12-23 21:23:08] /game.php?village=65&screen=overview
[URL][14-12-23 21:23:17] /game.php?village=65&screen=overview
[URL][14-12-23 21:23:19] /game.php?village=65&screen=overview
[URL][14-12-23 21:23:22] /game.php?village=65&screen=main
[URL][14-12-23 21:23:25] /game.php?village=65&screen=overview
[URL][14-12-23 21:23:59] /game.php?village=65&screen=place
[URL][14-12-23 21:24:02] /game.php?village=65&screen=overview
[URL][14-12-23 21:24:07] /game.php?village=65&screen=map
[URL][14-12-23 21:24:10] /game.php?village=65&screen=overview
[URL][14-12-23 21:24:52] /game.php?village=65&screen=overview
[URL][14-12-23 21:24:52] /game.php?village=65&screen=overview
[URL][14-12-23 21:24:54] /game.php?village=65&screen=overview
[URL][14-12-23 21:25:15] /game.php?village=65&screen=overview
[URL][14-12-23 21:25:16] /game.php?village=65&screen=overview
[URL][14-12-23 21:25:19] /game.php?village=65&screen=overview
[URL][14-12-23 21:26:37] /game.php?village=65&screen=overview
[URL][14-12-23 21:27:54] /game.php?village=65&screen=overview
[URL][14-12-23 21:28:08] /game.php?village=65&screen=map
[URL][14-12-23 21:28:11] /game.php?village=65&ajax=world_switch&screen=api
[URL][14-12-23 21:28:18] /game.php?village=65&screen=overview
[URL][14-12-23 21:43:31] /game.php?screen=welcome&intro&oscreen=overview
[URL][14-12-23 21:43:35] /game.php
[URL][14-12-23 21:44:45] /game.php?village=217&screen=overview
[URL][14-12-23 21:44:55] /game.php?village=217&screen=place
[URL][14-12-23 21:44:58] /game.php?village=217&screen=overview
[URL][14-12-23 21:45:00] /game.php?village=217&screen=main
[URL][14-12-23 21:45:06] /game.php?village=217&screen=map
[URL][14-12-23 21:45:10] /game.php?village=217&ajax=map_info&source=217&screen=overview
[URL][14-12-23 21:45:10] /game.php?village=184&ajax=map_info&source=217&screen=overview
[URL][14-12-23 21:45:11] /game.php?village=217&screen=place&ajax=command&target=184&client_time=1419367511
[URL][14-12-23 21:45:13] /game.php?village=217&screen=ranking
[URL][14-12-23 21:45:15] /game.php?village=217&mode=player&offset=25&screen=ranking
[URL][14-12-23 21:45:19] /game.php?village=217&mode=player&offset=0&screen=ranking
[URL][14-12-23 22:03:08] /game.php?screen=welcome&intro&oscreen=overview
[URL][14-12-23 22:08:09] /game.php?village=13&screen=overview
[URL][14-12-23 22:08:47] /game.php?village=13&screen=overview
[URL][14-12-23 22:08:48] /game.php?village=13&screen=overview
[URL][14-12-23 22:08:51] /game.php?village=13&screen=overview
[URL][14-12-23 22:08:55] /game.php?village=13&screen=overview
[URL][14-12-23 22:08:55] /game.php?village=13&screen=main
[URL][14-12-23 22:09:02] /game.php?village=13&screen=overview_villages
[URL][14-12-23 22:09:21] /game.php?village=13&screen=overview
[URL][14-12-23 22:10:26] /game.php?village=13&screen=overview
[URL][14-12-23 22:10:27] /game.php?village=13&screen=overview
[URL][14-12-23 22:10:28] /game.php?village=13&screen=overview
[URL][14-12-23 22:11:08] /game.php?village=13&screen=main
[URL][14-12-23 22:12:53] /game.php?village=13&screen=overview
[URL][14-12-23 22:14:14] /game.php?village=13&screen=overview
[URL][14-12-23 22:14:16] /game.php?village=13&screen=overview
[URL][14-12-23 22:18:20] /game.php?village=13&screen=overview
[URL][14-12-23 22:21:42] /game.php?village=13&screen=overview
[URL][14-12-23 22:21:42] /game.php?village=13&screen=overview
[URL][14-12-23 22:25:10] /game.php?village=13&screen=overview
[URL][14-12-23 22:25:13] /game.php?village=13&screen=overview
[URL][14-12-23 22:25:13] /game.php?village=13&screen=overview
[URL][14-12-23 22:25:13] /game.php?village=13&screen=overview
[URL][14-12-23 22:25:15] /game.php?village=13&screen=overview
[URL][14-12-23 22:25:16] /game.php?village=13&screen=overview
[URL][14-12-23 22:25:19] /game.php?village=13&screen=overview
[URL][14-12-23 22:25:19] /game.php?village=13&screen=overview
[URL][14-12-23 22:25:20] /game.php?village=13&screen=overview
[URL][14-12-23 22:25:20] /game.php?village=13&screen=overview
[URL][14-12-23 22:25:20] /game.php?village=13&screen=overview
[URL][14-12-23 22:25:20] /game.php?village=13&screen=overview
[URL][14-12-23 22:25:34] /game.php?village=13&screen=overview
[URL][14-12-23 22:25:36] /game.php?village=13&screen=overview
[URL][14-12-23 22:31:28] /game.php?village=13&screen=overview
[URL][14-12-23 22:36:43] /game.php?screen=welcome&intro&oscreen=overview
[URL][14-12-23 22:37:21] /game.php?village=17&screen=main
[URL][14-12-23 22:37:27] /game.php?village=17&screen=ally
[URL][14-12-23 22:39:12] /game.php?village=17&screen=overview_villages
[URL][14-12-23 22:39:17] /game.php?village=17&screen=main
[URL][14-12-23 22:39:21] /game.php?village=17&screen=overview
[URL][14-12-23 22:42:15] /game.php?village=17&screen=overview
[URL][14-12-23 22:42:23] /game.php?village=17&screen=flags
[URL][14-12-23 22:42:26] /game.php?village=17&screen=overview
[URL][14-12-23 22:42:27] /game.php?village=17&screen=overview
[URL][14-12-23 22:42:33] /game.php?village=17&screen=train
[URL][14-12-23 22:44:24] /game.php?screen=welcome&intro&oscreen=overview
[URL][14-12-23 22:46:17] /game.php?village=1&screen=map
[URL][14-12-23 22:47:32] /game.php?village=87&ajax=map_info&source=1&screen=overview
[URL][14-12-23 22:52:35] /game.php?village=51&ajax=map_info&source=1&screen=overview
[URL][14-12-23 22:52:35] /game.php?village=27&ajax=map_info&source=1&screen=overview
[URL][14-12-23 22:52:48] /game.php?village=14&ajax=map_info&source=1&screen=overview
[URL][14-12-23 22:52:49] /game.php?village=26&ajax=map_info&source=1&screen=overview
[URL][14-12-23 22:52:49] /game.php?village=2&ajax=map_info&source=1&screen=overview
[URL][14-12-23 22:52:50] /game.php?village=5&ajax=map_info&source=1&screen=overview
[URL][14-12-23 22:52:52] /game.php?village=1&ajax=map_info&source=1&screen=overview
[URL][14-12-23 22:53:20] /game.php?village=1&screen=map
[URL][14-12-23 22:53:22] /game.php?village=11&ajax=map_info&source=1&screen=overview
[URL][14-12-23 22:53:22] /game.php?village=41&ajax=map_info&source=1&screen=overview
[URL][14-12-23 22:53:26] /game.php?village=1&ajax=map_info&source=1&screen=overview
[URL][14-12-23 22:53:26] /game.php?village=219&ajax=map_info&source=1&screen=overview
[URL][14-12-23 22:53:28] /game.php?village=1&id=1&screen=info_player
[URL][14-12-23 22:53:29] /game.php?village=9&ajax=map_info&source=1&screen=overview
[URL][14-12-23 22:54:00] /game.php?village=1&screen=map
[URL][14-12-23 22:54:04] /game.php?village=16&ajax=map_info&source=1&screen=overview
[URL][14-12-23 22:54:04] /game.php?village=31&ajax=map_info&source=1&screen=overview
[URL][14-12-23 22:54:04] /game.php?village=11&ajax=map_info&source=1&screen=overview
[URL][14-12-23 22:54:04] /game.php?village=2&ajax=map_info&source=1&screen=overview
[URL][14-12-23 22:54:04] /game.php?village=219&ajax=map_info&source=1&screen=overview
[URL][14-12-23 22:54:05] /game.php?village=6&ajax=map_info&source=1&screen=overview
[URL][14-12-23 22:54:07] /game.php?village=41&ajax=map_info&source=1&screen=overview
[URL][14-12-23 22:54:10] /game.php?village=1&screen=map
[URL][14-12-23 22:54:31] /game.php?village=1&screen=overview
[URL][14-12-23 22:54:36] /game.php?village=19&ajax=map_info&source=1&screen=overview
[URL][14-12-23 22:54:36] /game.php?village=3&ajax=map_info&source=1&screen=overview
[URL][14-12-23 22:54:48] /game.php?village=30&ajax=map_info&source=1&screen=overview
[URL][14-12-23 22:55:29] /game.php?village=8&ajax=map_info&source=1&screen=overview
[URL][14-12-23 22:55:33] /game.php?village=1&screen=map
[URL][14-12-23 22:55:46] /game.php?village=41&ajax=map_info&source=1&screen=overview
[URL][14-12-23 22:57:07] /game.php?village=1&screen=map
[URL][14-12-23 22:57:07] /game.php?village=23&ajax=map_info&source=1&screen=overview
[URL][14-12-23 22:57:22] /game.php?village=219&ajax=map_info&source=1&screen=overview
[URL][14-12-23 22:57:22] /game.php?village=2&ajax=map_info&source=1&screen=overview
[URL][14-12-23 22:58:14] /game.php?village=13&screen=overview
[URL][14-12-23 23:06:59] /game.php?village=13&screen=main
[URL][14-12-23 23:07:13] /game.php?village=13&screen=map
[URL][14-12-23 23:07:23] /game.php?village=13&screen=overview
[URL][14-12-23 23:08:31] /game.php?village=13&screen=overview
[URL][14-12-23 23:08:50] /game.php?village=13&screen=overview
[URL][14-12-23 23:08:51] /game.php?village=13&screen=overview
[URL][14-12-23 23:08:52] /game.php?village=13&screen=overview
[URL][14-12-23 23:08:54] /game.php?village=13&screen=overview
[URL][14-12-23 23:08:54] /game.php?village=13&screen=overview
[URL][14-12-23 23:08:55] /game.php?village=13&screen=overview
[URL][14-12-23 23:09:00] /game.php?village=13&action=reset&h=98JG&screen=overview
[URL][14-12-23 23:42:45] /game.php?screen=welcome&intro&oscreen=overview
[URL][14-12-23 23:42:50] /game.php?village=153&screen=ranking
[URL][14-12-23 23:42:54] /game.php?screen=ranking&rank=1
[URL][14-12-23 23:42:58] /game.php?village=153&screen=map
[URL][14-12-23 23:43:03] /game.php?village=153&screen=overview
[URL][14-12-23 23:43:11] /game.php?village=153&screen=main
[URL][14-12-23 23:43:13] /game.php?village=153&screen=overview
[URL][14-12-23 23:43:26] /game.php?village=153&screen=map
[URL][14-12-23 23:43:31] /game.php?village=182&ajax=map_info&source=153&screen=overview
[URL][14-12-23 23:43:32] /game.php?village=153&screen=place&ajax=command&target=182&client_time=1419374611
[URL][14-12-23 23:43:33] /game.php?village=153&screen=place&ajax=command&target=182&client_time=1419374612
[URL][14-12-23 23:43:34] /game.php?village=153&screen=place&ajax=command&target=182&client_time=1419374613
[URL][14-12-23 23:43:35] /game.php?village=153&screen=place&ajax=command&target=182&client_time=1419374614
[URL][14-12-23 23:43:36] /game.php?village=153&screen=place&ajax=command&target=182&client_time=1419374615
[URL][14-12-23 23:43:38] /game.php?village=153&screen=place&ajax=command&target=182&client_time=1419374616
[URL][14-12-23 23:43:38] /game.php?village=153&screen=place&ajax=command&target=182&client_time=1419374616
[URL][14-12-23 23:43:38] /game.php?village=153&screen=place&ajax=command&target=182&client_time=1419374616
[URL][14-12-23 23:43:39] /game.php?village=153&screen=ranking
[URL][14-12-23 23:43:39] /game.php?village=153&screen=place&ajax=command&target=182&client_time=1419374616
[URL][14-12-23 23:43:39] /game.php?village=153&screen=place&ajax=command&target=182&client_time=1419374616
[URL][14-12-23 23:43:43] /game.php?screen=ranking&rank=1
[URL][14-12-23 23:43:45] /game.php?village=153&id=1&screen=info_player
[URL][14-12-23 23:43:52] /game.php?village=153&screen=overview
[URL][14-12-23 23:43:54] /game.php?village=153&screen=flags
[URL][14-12-23 23:43:56] /game.php?mode=inventory&village=153&screen=statue
[URL][14-12-23 23:43:59] /game.php?village=153&action=logout&h=Axu4&screen=
[URL][14-12-23 23:44:03] /game.php?village=153&action=logout&h=Axu4&screen=
[URL][14-12-23 23:44:04] /game.php?village=153&action=logout&h=Axu4&screen=
[URL][14-12-23 23:44:07] /game.php?village=153&ajax=world_switch&screen=api
[URL][14-12-24 00:58:08] /game.php?screen=welcome&intro&oscreen=overview
[URL][14-12-24 00:58:14] /game.php?village=153&screen=main
[URL][14-12-24 00:58:15] /game.php?village=153&screen=train
[URL][14-12-24 00:58:17] /game.php?village=153&screen=church
[URL][14-12-24 00:58:19] /game.php?village=153&screen=overview
[URL][14-12-24 03:12:28] /game.php?village=65&screen=overview
[URL][14-12-24 03:12:30] /game.php?village=65&screen=overview
[URL][14-12-24 03:12:33] /game.php?village=65&screen=main
[URL][14-12-24 03:12:34] /game.php?village=65&screen=overview
[URL][14-12-24 03:12:49] /game.php?village=65&screen=map
[URL][14-12-24 03:12:52] /game.php?village=89&ajax=map_info&source=65&screen=overview
[URL][14-12-24 07:51:23] /game.php?screen=welcome&intro&oscreen=overview
[URL][14-12-24 07:51:28] /game.php?village=68&ajax=save_script&screen=api
[URL][14-12-24 07:51:29] /game.php?village=68&screen=overview
[URL][14-12-24 07:51:31] /game.php?village=68&ajax=save_script&screen=api
[URL][14-12-24 07:51:35] /game.php?village=68&screen=main
[URL][14-12-24 07:51:36] /game.php?village=68&ajax=save_script&screen=api
[URL][14-12-24 07:51:37] /game.php?village=68&ajax=save_script&screen=api
[URL][14-12-24 07:51:41] /game.php?village=68&screen=ranking
[URL][14-12-24 07:51:42] /game.php?village=68&ajax=save_script&screen=api
[URL][14-12-24 07:51:43] /game.php?village=68&screen=ally
[URL][14-12-24 07:51:44] /game.php?village=68&ajax=save_script&screen=api
[URL][14-12-24 07:51:45] /game.php?village=68&screen=map
[URL][14-12-24 07:51:53] /game.php?village=68&ajax=save_script&screen=api
[URL][14-12-24 07:51:54] /game.php?village=68&screen=overview_villages
[URL][14-12-24 07:51:55] /game.php?village=68&ajax=save_script&screen=api
[URL][14-12-24 07:51:56] /game.php?village=68&screen=mail
[URL][14-12-24 07:51:57] /game.php?village=68&ajax=save_script&screen=api
[URL][14-12-24 07:51:58] /game.php?village=68&mode=new&screen=mail
[URL][14-12-24 07:51:59] /game.php?village=68&ajax=save_script&screen=api
[URL][14-12-24 07:51:59] /game.php?village=68&screen=report
[URL][14-12-24 07:52:00] /game.php?village=68&ajax=save_script&screen=api
[URL][14-12-24 07:52:01] /game.php?village=68&screen=premium
[URL][14-12-24 07:52:02] /game.php?village=68&ajax=save_script&screen=api
[URL][14-12-24 07:52:03] /game.php?village=68&screen=settings
[URL][14-12-24 07:52:05] /game.php?village=68&ajax=save_script&screen=api
[URL][14-12-24 07:52:08] /game.php?village=68&screen=ranking
[URL][14-12-24 07:52:11] /game.php?village=68&ajax=save_script&screen=api
[URL][14-12-24 09:42:00] /game.php?screen=welcome&intro&oscreen=overview
[URL][14-12-24 09:42:06] /game.php?village=91&screen=overview
[URL][14-12-24 09:42:31] /game.php?village=91&screen=overview
[URL][14-12-24 09:42:50] /game.php?village=91&screen=main
[URL][14-12-24 09:42:53] /game.php?village=91&screen=overview
[URL][14-12-24 11:15:02] /game.php?screen=welcome&intro&oscreen=overview
[URL][14-12-24 11:15:06] /game.php?village=65&screen=overview
[URL][14-12-24 11:15:08] /game.php?village=65&screen=main
[URL][14-12-24 11:15:09] /game.php?village=65&screen=overview
[URL][14-12-24 11:15:17] /game.php?village=65&screen=groups&ajax=load_groups&village_id=65&client_time=7
[URL][14-12-24 11:15:18] /game.php?village=65&screen=groups&ajax=load_groups&village_id=65&client_time=9
[URL][14-12-24 11:55:26] /game.php?screen=welcome&intro&oscreen=overview
[URL][14-12-24 11:56:02] /game.php?village=17&screen=overview
[URL][14-12-24 13:03:27] /game.php?screen=welcome&intro&oscreen=overview
[URL][14-12-24 13:03:49] /game.php?village=13&screen=overview
[URL][14-12-24 13:23:32] /game.php?screen=welcome&intro&oscreen=overview
[URL][14-12-24 13:24:11] /game.php?village=1&screen=map
[URL][14-12-24 13:24:41] /game.php?village=5&ajax=map_info&source=1&screen=overview
[URL][14-12-24 13:24:46] /game.php?village=1&ajaxaction=set_map_size&h=A4lk&screen=settings&map_size=13x13&minimap_size=50x50
[URL][14-12-24 13:25:09] /game.php?village=1&screen=mail
[URL][14-12-24 13:25:12] /game.php?village=1&mode=view&view=1&group_id=0&screen=mail
[URL][14-12-24 13:25:57] /game.php?village=1&mode=view&view=1&action=answer&h=A4lk&read_time=1418308548&screen=mail
[URL][14-12-24 13:35:08] /game.php?village=59&ajax=map_info&source=1&screen=overview
[URL][14-12-24 13:36:39] /game.php?screen=welcome&intro&oscreen=overview
[URL][14-12-24 13:36:58] /game.php?village=13&screen=overview
[URL][14-12-24 13:37:27] /game.php?village=13&screen=ranking
[URL][14-12-24 13:37:30] /game.php?village=13&id=1&screen=info_player
[URL][14-12-24 13:37:49] /game.php?village=13&screen=ranking
[URL][14-12-24 13:37:56] /game.php?village=13&id=3&screen=info_player
[URL][14-12-24 13:38:01] /game.php?village=13&screen=ranking
[URL][14-12-24 13:38:06] /game.php?village=13&id=1&screen=info_player
[URL][14-12-24 13:38:21] /game.php?village=13&id=219&screen=info_village
[URL][14-12-24 13:38:24] /game.php?village=13&screen=map
[URL][14-12-24 13:38:35] /game.php?village=50&ajax=map_info&source=13&screen=overview
[URL][14-12-24 13:38:36] /game.php?village=23&ajax=map_info&source=13&screen=overview
[URL][14-12-24 13:38:37] /game.php?village=6&ajax=map_info&source=13&screen=overview
[URL][14-12-24 13:38:38] /game.php?village=29&ajax=map_info&source=13&screen=overview
[URL][14-12-24 13:38:41] /game.php?village=219&ajax=map_info&source=13&screen=overview
[URL][14-12-24 13:38:43] /game.php?village=13&id=1&screen=info_player
[URL][14-12-24 13:38:49] /game.php?village=13&mode=new&player=1&name=Bartekst222&screen=mail
[URL][14-12-24 13:38:54] /game.php?village=13&screen=ranking
[URL][14-12-24 13:39:05] /game.php?village=13&screen=info_player
[URL][14-12-24 13:39:10] /game.php?village=13&screen=overview